Release 14.7 - xst P.20131013 (nt64)
Copyright (c) 1995-2013 Xilinx, Inc.  All rights reserved.
--> Parameter TMPDIR set to xst/projnav.tmp


Total REAL time to Xst completion: 0.00 secs
Total CPU time to Xst completion: 0.10 secs
 
--> Parameter xsthdpdir set to xst


Total REAL time to Xst completion: 0.00 secs
Total CPU time to Xst completion: 0.10 secs
 
--> Reading design: tb_lfsr.prj

TABLE OF CONTENTS
  1) Synthesis Options Summary
  2) HDL Parsing
  3) HDL Elaboration
  4) HDL Synthesis
       4.1) HDL Synthesis Report
  5) Advanced HDL Synthesis
       5.1) Advanced HDL Synthesis Report
  6) Low Level Synthesis
  7) Partition Report
  8) Design Summary
       8.1) Primitive and Black Box Usage
       8.2) Device utilization summary
       8.3) Partition Resource Summary
       8.4) Timing Report
            8.4.1) Clock Information
            8.4.2) Asynchronous Control Signals Information
            8.4.3) Timing Summary
            8.4.4) Timing Details
            8.4.5) Cross Clock Domains Report


=========================================================================
*                      Synthesis Options Summary                        *
=========================================================================
---- Source Parameters
Input File Name                    : "tb_lfsr.prj"
Ignore Synthesis Constraint File   : NO

---- Target Parameters
Output File Name                   : "tb_lfsr"
Output Format                      : NGC
Target Device                      : xc6slx9-2-ftg256

---- Source Options
Top Module Name                    : tb_lfsr
Automatic FSM Extraction           : YES
FSM Encoding Algorithm             : Auto
Safe Implementation                : No
FSM Style                          : LUT
RAM Extraction                     : Yes
RAM Style                          : Auto
ROM Extraction                     : Yes
Shift Register Extraction          : YES
ROM Style                          : Auto
Resource Sharing                   : YES
Asynchronous To Synchronous        : NO
Shift Register Minimum Size        : 2
Use DSP Block                      : Auto
Automatic Register Balancing       : No

---- Target Options
LUT Combining                      : Auto
Reduce Control Sets                : Auto
Add IO Buffers                     : YES
Global Maximum Fanout              : 100000
Add Generic Clock Buffer(BUFG)     : 16
Register Duplication               : YES
Optimize Instantiated Primitives   : NO
Use Clock Enable                   : Auto
Use Synchronous Set                : Auto
Use Synchronous Reset              : Auto
Pack IO Registers into IOBs        : Auto
Equivalent register Removal        : YES

---- General Options
Optimization Goal                  : Speed
Optimization Effort                : 1
Power Reduction                    : NO
Keep Hierarchy                     : No
Netlist Hierarchy                  : As_Optimized
RTL Output                         : Yes
Global Optimization                : AllClockNets
Read Cores                         : YES
Write Timing Constraints           : NO
Cross Clock Analysis               : NO
Hierarchy Separator                : /
Bus Delimiter                      : <>
Case Specifier                     : Maintain
Slice Utilization Ratio            : 100
BRAM Utilization Ratio             : 100
DSP48 Utilization Ratio            : 100
Auto BRAM Packing                  : NO
Slice Utilization Ratio Delta      : 5

=========================================================================


=========================================================================
*                          HDL Parsing                                  *
=========================================================================
Analyzing Verilog file "D:\whackamole\randomgenerator\sevenseg.v" into library work
Parsing module <bin2BCD>.
Analyzing Verilog file "D:\whackamole\randomgenerator\digitdisp.v" into library work
Parsing module <digitdisp>.
Analyzing Verilog file "D:\whackamole\randomgenerator\top_digital.v" into library work
Parsing module <top_digital>.
Analyzing Verilog file "D:\whackamole\randomgenerator\randgen.v" into library work
Parsing module <LFSR>.
Analyzing Verilog file "D:\whackamole\randomgenerator\LEDdisp.v" into library work
Parsing module <LEDdisp>.
Analyzing Verilog file "D:\whackamole\randomgenerator\top_rand.v" into library work
Parsing module <top_rand>.
Analyzing Verilog file "D:\whackamole\randomgenerator\randgen_tb.v" into library work
Parsing module <tb_lfsr>.

=========================================================================
*                            HDL Elaboration                            *
=========================================================================

Elaborating module <tb_lfsr>.
WARNING:HDLCompiler:872 - "D:\whackamole\randomgenerator\randgen_tb.v" Line 34: Using initial value of reset since it is never assigned

Elaborating module <top_rand>.

Elaborating module <LFSR>.

Elaborating module <LEDdisp>.

Elaborating module <top_digital>.

Elaborating module <bin2BCD>.
WARNING:HDLCompiler:413 - "D:\whackamole\randomgenerator\sevenseg.v" Line 14: Result of 5-bit expression is truncated to fit in 4-bit target.
WARNING:HDLCompiler:413 - "D:\whackamole\randomgenerator\sevenseg.v" Line 16: Result of 5-bit expression is truncated to fit in 4-bit target.
WARNING:HDLCompiler:413 - "D:\whackamole\randomgenerator\sevenseg.v" Line 18: Result of 5-bit expression is truncated to fit in 4-bit target.

Elaborating module <digitdisp>.
WARNING:HDLCompiler:1127 - "D:\whackamole\randomgenerator\randgen_tb.v" Line 23: Assignment to dispL ignored, since the identifier is never used
WARNING:HDLCompiler:1127 - "D:\whackamole\randomgenerator\randgen_tb.v" Line 26: Assignment to bitsig ignored, since the identifier is never used
WARNING:HDLCompiler:1127 - "D:\whackamole\randomgenerator\randgen_tb.v" Line 27: Assignment to segsig ignored, since the identifier is never used
WARNING:Xst:2972 - "D:\whackamole\randomgenerator\randgen_tb.v" line 20. All outputs of instance <tr> of block <top_rand> are unconnected in block <tb_lfsr>. Underlying logic will be removed.

=========================================================================
*                           HDL Synthesis                               *
=========================================================================

Synthesizing Unit <tb_lfsr>.
    Related source file is "D:\whackamole\randomgenerator\randgen_tb.v".
INFO:Xst:3210 - "D:\whackamole\randomgenerator\randgen_tb.v" line 20: Output port <dispL> of the instance <tr> is unconnected or connected to loadless signal.
INFO:Xst:3210 - "D:\whackamole\randomgenerator\randgen_tb.v" line 20: Output port <segsig> of the instance <tr> is unconnected or connected to loadless signal.
INFO:Xst:3210 - "D:\whackamole\randomgenerator\randgen_tb.v" line 20: Output port <bitsig> of the instance <tr> is unconnected or connected to loadless signal.
    Summary:
	no macro.
Unit <tb_lfsr> synthesized.

Synthesizing Unit <LFSR>.
    Related source file is "D:\whackamole\randomgenerator\randgen.v".
    Found 1-bit register for signal <r_LFSR<5>>.
    Found 1-bit register for signal <r_LFSR<4>>.
    Found 1-bit register for signal <r_LFSR<3>>.
    Found 1-bit register for signal <r_LFSR<2>>.
    Found 1-bit register for signal <r_LFSR<1>>.
    Found 1-bit register for signal <r_LFSR<0>>.
    Summary:
	inferred   6 D-type flip-flop(s).
Unit <LFSR> synthesized.

Synthesizing Unit <LEDdisp>.
    Related source file is "D:\whackamole\randomgenerator\LEDdisp.v".
        TWOS = 32'b00000000000011110100001001000000
    Found 8-bit register for signal <displayL>.
    Found 32-bit register for signal <counter>.
    Found 6-bit register for signal <score>.
    Found 1-bit register for signal <flag>.
    Found 1-bit register for signal <state<1>>.
    Found 1-bit register for signal <state<0>>.
    Found 1-bit register for signal <start>.
    Summary:
	inferred  50 D-type flip-flop(s).
Unit <LEDdisp> synthesized.

Synthesizing Unit <top_digital>.
    Related source file is "D:\whackamole\randomgenerator\top_digital.v".
    Summary:
	no macro.
Unit <top_digital> synthesized.

Synthesizing Unit <bin2BCD>.
    Related source file is "D:\whackamole\randomgenerator\sevenseg.v".
    Found 12-bit register for signal <bcd>.
    Found 4-bit register for signal <hundreds>.
    Found 4-bit register for signal <tens>.
    Found 4-bit register for signal <ones>.
    Found 3-bit register for signal <counter>.
    Found 3-bit subtractor for signal <counter[2]_GND_6_o_sub_17_OUT> created at line 33.
    Found 4-bit adder for signal <hundreds[3]_GND_6_o_add_1_OUT> created at line 14.
    Found 4-bit adder for signal <tens[3]_GND_6_o_add_4_OUT> created at line 16.
    Found 4-bit adder for signal <ones[3]_GND_6_o_add_7_OUT> created at line 18.
    Found 1-bit 6-to-1 multiplexer for signal <counter[2]_X_6_o_Mux_9_o> created at line 25.
    Found 4-bit comparator lessequal for signal <n0001> created at line 13
    Found 4-bit comparator lessequal for signal <n0005> created at line 15
    Found 4-bit comparator lessequal for signal <n0009> created at line 17
    Summary:
	inferred   4 Adder/Subtractor(s).
	inferred  27 D-type flip-flop(s).
	inferred   3 Comparator(s).
	inferred   5 Multiplexer(s).
Unit <bin2BCD> synthesized.

Synthesizing Unit <digitdisp>.
    Related source file is "D:\whackamole\randomgenerator\digitdisp.v".
        ONEMS = 32'b00000000000000000000000111110100
    Found 32-bit register for signal <counter>.
    Found 3-bit register for signal <bitsig>.
    Found 8-bit register for signal <segsig>.
    Found 32-bit adder for signal <counter[31]_GND_7_o_add_8_OUT> created at line 109.
    Summary:
	inferred   1 Adder/Subtractor(s).
	inferred  43 D-type flip-flop(s).
	inferred  18 Multiplexer(s).
Unit <digitdisp> synthesized.

=========================================================================
HDL Synthesis Report

Found no macro
=========================================================================

=========================================================================
*                       Advanced HDL Synthesis                          *
=========================================================================


=========================================================================
Advanced HDL Synthesis Report

Found no macro
=========================================================================

=========================================================================
*                         Low Level Synthesis                           *
=========================================================================

Optimizing unit <tb_lfsr> ...

Mapping all equations...
Building and optimizing final netlist ...
Found area constraint ratio of 100 (+ 5) on block tb_lfsr, actual ratio is 0.

Final Macro Processing ...

=========================================================================
Final Register Report

Found no macro
=========================================================================

=========================================================================
*                           Partition Report                            *
=========================================================================

Partition Implementation Status
-------------------------------

  No Partitions were found in this design.

-------------------------------

=========================================================================
*                            Design Summary                             *
=========================================================================

Top Level Output File Name         : tb_lfsr.ngc

Primitive and Black Box Usage:
------------------------------

Device utilization summary:
---------------------------

Selected Device : 6slx9ftg256-2 


Slice Logic Utilization: 

Slice Logic Distribution: 
 Number of LUT Flip Flop pairs used:      0
   Number with an unused Flip Flop:       0  out of      0         
   Number with an unused LUT:             0  out of      0         
   Number of fully used LUT-FF pairs:     0  out of      0         
   Number of unique control sets:         0

IO Utilization: 
 Number of IOs:                           0
 Number of bonded IOBs:                   0  out of    186     0%  

Specific Feature Utilization:

---------------------------
Partition Resource Summary:
---------------------------

  No Partitions were found in this design.

---------------------------


=========================================================================
Timing Report

NOTE: THESE TIMING NUMBERS ARE ONLY A SYNTHESIS ESTIMATE.
      FOR ACCURATE TIMING INFORMATION PLEASE REFER TO THE TRACE REPORT
      GENERATED AFTER PLACE-and-ROUTE.

Clock Information:
------------------
No clock signals found in this design

Asynchronous Control Signals Information:
----------------------------------------
No asynchronous control signals found in this design

Timing Summary:
---------------
Speed Grade: -2

   Minimum period: No path found
   Minimum input arrival time before clock: No path found
   Maximum output required time after clock: No path found
   Maximum combinational path delay: No path found

Timing Details:
---------------
All values displayed in nanoseconds (ns)

=========================================================================

Cross Clock Domains Report:
--------------------------

=========================================================================


Total REAL time to Xst completion: 4.00 secs
Total CPU time to Xst completion: 4.07 secs
 
--> 

Total memory usage is 4486188 kilobytes

Number of errors   :    0 (   0 filtered)
Number of warnings :    8 (   0 filtered)
Number of infos    :    3 (   0 filtered)

